d:\ndserver zplay\ndserver\release\ndserver.pch
d:\ndserver zplay\ndserver\release\vc142.pdb
d:\ndserver zplay\ndserver\release\pch.obj
d:\ndserver zplay\ndserver\release\log.obj
d:\ndserver zplay\ndserver\release\inforluckybox.obj
d:\ndserver zplay\ndserver\release\dllmain.obj
d:\ndserver zplay\ndserver\release\connectsqlserver.obj
d:\ndserver zplay default\ndserver\release\ndserver.pch
d:\ndserver zplay default\ndserver\release\vc142.pdb
d:\ndserver zplay default\ndserver\release\pch.obj
d:\ndserver zplay default\ndserver\release\log.obj
d:\ndserver zplay default\ndserver\release\inforluckybox.obj
d:\ndserver zplay default\ndserver\release\dllmain.obj
d:\ndserver zplay default\ndserver\release\connectsqlserver.obj
d:\ndserver zplay\release\ndserver.dll
d:\ndserver zplay\release\ndserver.pdb
d:\ndserver zplay default\release\ndserver.dll
d:\ndserver zplay default\release\ndserver.pdb
d:\ndserver zplay\release\ndserver.lib
d:\ndserver zplay\release\ndserver.exp
d:\ndserver zplay\release\ndserver.ipdb
d:\ndserver zplay\release\ndserver.iobj
d:\ndserver zplay default\release\ndserver.lib
d:\ndserver zplay default\release\ndserver.exp
d:\ndserver zplay default\release\ndserver.ipdb
d:\ndserver zplay default\release\ndserver.iobj
d:\ndserver zplay default\ndserver\release\ndserver.tlog\cl.command.1.tlog
d:\ndserver zplay default\ndserver\release\ndserver.tlog\cl.read.1.tlog
d:\ndserver zplay default\ndserver\release\ndserver.tlog\cl.write.1.tlog
d:\ndserver zplay default\ndserver\release\ndserver.tlog\link.command.1.tlog
d:\ndserver zplay default\ndserver\release\ndserver.tlog\link.read.1.tlog
d:\ndserver zplay default\ndserver\release\ndserver.tlog\link.write.1.tlog
d:\ndserver zplay default\ndserver\release\ndserver.tlog\ndserver.write.1u.tlog
